[2025-11-03 19:57:23] [INFO] [fundiq_debug] [2025-11-03 19:57:23] [INFO] [UPLOAD] File uploaded: Sample M-PESA Statement 12months.xlsx | {
  "file_name": "Sample M-PESA Statement 12months.xlsx",
  "file_type": "xlsx",
  "file_size": 698330,
  "document_id": "new"
}
[2025-11-03 19:57:24] [ERROR] [fundiq_debug] [2025-11-03 19:57:24] [ERROR] [PARSE] Error: Object of type datetime is not JSON serializable | {
  "error_type": "TypeError",
  "context": {
    "filename": "Sample M-PESA Statement 12months.xlsx"
  }
}
[2025-11-03 19:59:34] [INFO] [fundiq_debug] [2025-11-03 19:59:34] [INFO] [UPLOAD] File uploaded: M-PESA Statement Apr 23 2023 to Apr 23 2024.csv | {
  "file_name": "M-PESA Statement Apr 23 2023 to Apr 23 2024.csv",
  "file_type": "csv",
  "file_size": 1006014,
  "document_id": "new"
}
[2025-11-03 19:59:34] [ERROR] [fundiq_debug] [2025-11-03 19:59:34] [ERROR] [PARSE] Error: 'utf-8' codec can't decode byte 0xad in position 11: invalid start byte | {
  "error_type": "UnicodeDecodeError",
  "context": {
    "filename": "M-PESA Statement Apr 23 2023 to Apr 23 2024.csv"
  }
}
[2025-11-03 20:07:09] [INFO] [fundiq_debug] [2025-11-03 20:07:09] [INFO] [UPLOAD] File uploaded: Sample M-PESA Statement 12months.xlsx | {
  "file_name": "Sample M-PESA Statement 12months.xlsx",
  "file_type": "xlsx",
  "file_size": 698330,
  "document_id": "new"
}
[2025-11-03 21:18:20] [INFO] [fundiq_debug] [2025-11-03 21:18:20] [INFO] [UPLOAD] File uploaded: M-PESA Statement Apr 23 2023 to Apr 23 2024.csv | {
  "file_name": "M-PESA Statement Apr 23 2023 to Apr 23 2024.csv",
  "file_type": "csv",
  "file_size": 1006014,
  "document_id": "new"
}
[2025-11-03 21:18:20] [ERROR] [fundiq_debug] [2025-11-03 21:18:20] [ERROR] [PARSE] Error: Failed to parse CSV with any supported encoding | {
  "error_type": "ValueError",
  "context": {
    "filename": "M-PESA Statement Apr 23 2023 to Apr 23 2024.csv"
  }
}
[2025-11-03 21:32:20] [INFO] [fundiq_debug] [2025-11-03 21:32:20] [INFO] [UPLOAD] File uploaded: Sample M-PESA Statement 12months.xlsx | {
  "file_name": "Sample M-PESA Statement 12months.xlsx",
  "file_type": "xlsx",
  "file_size": 698330,
  "document_id": "new"
}
[2025-11-03 21:32:53] [INFO] [fundiq_debug] [2025-11-03 21:32:53] [INFO] [UPLOAD] File uploaded: M-PESA Statement Apr 23 2023 to Apr 23 2024.csv | {
  "file_name": "M-PESA Statement Apr 23 2023 to Apr 23 2024.csv",
  "file_type": "csv",
  "file_size": 1006014,
  "document_id": "new"
}
[2025-11-03 21:32:53] [ERROR] [fundiq_debug] [2025-11-03 21:32:53] [ERROR] [PARSE] Error: Failed to parse CSV with any supported encoding | {
  "error_type": "ValueError",
  "context": {
    "filename": "M-PESA Statement Apr 23 2023 to Apr 23 2024.csv"
  }
}
[2025-11-03 23:37:59] [INFO] [fundiq_debug] [2025-11-03 23:37:59] [INFO] [UPLOAD] File uploaded: Sample M-PESA Statement 12months.xlsx | {
  "file_name": "Sample M-PESA Statement 12months.xlsx",
  "file_type": "xlsx",
  "file_size": 698330,
  "document_id": "new"
}
[2025-11-04 00:02:08] [INFO] [fundiq_debug] [2025-11-04 00:02:08] [INFO] [UPLOAD] File uploaded: M-PESA Statement Apr 23 2023 to Apr 23 2024.csv | {
  "file_name": "M-PESA Statement Apr 23 2023 to Apr 23 2024.csv",
  "file_type": "csv",
  "file_size": 1006014,
  "document_id": "new"
}
[2025-11-04 15:28:32] [INFO] [fundiq_debug] [2025-11-04 15:28:32] [INFO] [UPLOAD] File uploaded: Sample M-PESA Statement 12months.xlsx | {
  "file_name": "Sample M-PESA Statement 12months.xlsx",
  "file_type": "xlsx",
  "file_size": 698330,
  "document_id": "new"
}
[2025-11-19 19:42:05] [INFO] [fundiq_debug] [2025-11-19 19:42:05] [INFO] [UPLOAD] File uploaded: Statement_All_Transactions_20241101_20250501.pdf | {
  "file_name": "Statement_All_Transactions_20241101_20250501.pdf",
  "file_type": "pdf",
  "file_size": 117094,
  "document_id": "new"
}
[2025-11-19 19:42:51] [INFO] [fundiq_debug] [2025-11-19 19:42:51] [INFO] [UPLOAD] File uploaded: Statement_All_Transactions_20250301_20250901.pdf | {
  "file_name": "Statement_All_Transactions_20250301_20250901.pdf",
  "file_type": "pdf",
  "file_size": 109142,
  "document_id": "new"
}
[2025-11-26 12:31:07] [INFO] [fundiq_debug] [2025-11-26 12:31:07] [INFO] [UPLOAD] File uploaded: M-PESA Statement Sept 15 2024 to Sept 15 2025.pdf | {
  "file_name": "M-PESA Statement Sept 15 2024 to Sept 15 2025.pdf",
  "file_type": "pdf",
  "file_size": 2414633,
  "document_id": "new"
}
[2025-11-26 12:31:07] [ERROR] [fundiq_debug] [2025-11-26 12:31:07] [ERROR] [PARSE] Error:  | {
  "error_type": "PDFPasswordIncorrect",
  "context": {
    "filename": "M-PESA Statement Sept 15 2024 to Sept 15 2025.pdf"
  }
}
[2025-11-26 12:32:58] [INFO] [fundiq_debug] [2025-11-26 12:32:58] [INFO] [UPLOAD] File uploaded: M-PESA Statement Apr 23 2023 to Apr 23 2024.csv | {
  "file_name": "M-PESA Statement Apr 23 2023 to Apr 23 2024.csv",
  "file_type": "csv",
  "file_size": 1006014,
  "document_id": "new"
}
[2025-11-26 12:32:58] [ERROR] [fundiq_debug] [2025-11-26 12:32:58] [ERROR] [PARSE] Error: 'UnsupervisedAnomalyDetector' object has no attribute 'detect_anomalies' | {
  "error_type": "AttributeError",
  "context": {
    "filename": "M-PESA Statement Apr 23 2023 to Apr 23 2024.csv"
  }
}
[2025-11-26 12:36:00] [INFO] [fundiq_debug] [2025-11-26 12:36:00] [INFO] [UPLOAD] File uploaded: M-PESA Statement Sept 15 2024 to Sept 15 2025.pdf | {
  "file_name": "M-PESA Statement Sept 15 2024 to Sept 15 2025.pdf",
  "file_type": "pdf",
  "file_size": 2414633,
  "document_id": "new"
}
[2025-11-26 12:36:00] [ERROR] [fundiq_debug] [2025-11-26 12:36:00] [ERROR] [PARSE] Error:  | {
  "error_type": "PDFPasswordIncorrect",
  "context": {
    "filename": "M-PESA Statement Sept 15 2024 to Sept 15 2025.pdf"
  }
}
[2025-11-26 12:53:31] [INFO] [fundiq_debug] [2025-11-26 12:53:31] [INFO] [UPLOAD] File uploaded: M-PESA Statement Apr 23 2023 to Apr 23 2024.csv | {
  "file_name": "M-PESA Statement Apr 23 2023 to Apr 23 2024.csv",
  "file_type": "csv",
  "file_size": 1006014,
  "document_id": "new"
}
[2025-11-26 12:53:31] [ERROR] [fundiq_debug] [2025-11-26 12:53:31] [ERROR] [PARSE] Error: 'UnsupervisedAnomalyDetector' object has no attribute 'detect_anomalies' | {
  "error_type": "AttributeError",
  "context": {
    "filename": "M-PESA Statement Apr 23 2023 to Apr 23 2024.csv"
  }
}
[2025-11-26 13:08:34] [INFO] [fundiq_debug] [2025-11-26 13:08:34] [INFO] [UPLOAD] File uploaded: M-PESA Statement Sept 15 2024 to Sept 15 2025.pdf | {
  "file_name": "M-PESA Statement Sept 15 2024 to Sept 15 2025.pdf",
  "file_type": "pdf",
  "file_size": 2414633,
  "document_id": "new"
}
[2025-11-26 13:08:35] [ERROR] [fundiq_debug] [2025-11-26 13:08:35] [ERROR] [PARSE] Error:  | {
  "error_type": "PDFPasswordIncorrect",
  "context": {
    "filename": "M-PESA Statement Sept 15 2024 to Sept 15 2025.pdf"
  }
}
[2025-11-26 13:08:37] [INFO] [fundiq_debug] [2025-11-26 13:08:37] [INFO] [UPLOAD] File uploaded: M-PESA Statement Sept 15 2024 to Sept 15 2025.pdf | {
  "file_name": "M-PESA Statement Sept 15 2024 to Sept 15 2025.pdf",
  "file_type": "pdf",
  "file_size": 2414633,
  "document_id": "new"
}
[2025-11-26 13:08:37] [ERROR] [fundiq_debug] [2025-11-26 13:08:37] [ERROR] [PARSE] Error:  | {
  "error_type": "PDFPasswordIncorrect",
  "context": {
    "filename": "M-PESA Statement Sept 15 2024 to Sept 15 2025.pdf"
  }
}
[2025-11-26 13:08:38] [INFO] [fundiq_debug] [2025-11-26 13:08:38] [INFO] [UPLOAD] File uploaded: M-PESA Statement Sept 15 2024 to Sept 15 2025.pdf | {
  "file_name": "M-PESA Statement Sept 15 2024 to Sept 15 2025.pdf",
  "file_type": "pdf",
  "file_size": 2414633,
  "document_id": "new"
}
[2025-11-26 13:08:38] [ERROR] [fundiq_debug] [2025-11-26 13:08:38] [ERROR] [PARSE] Error:  | {
  "error_type": "PDFPasswordIncorrect",
  "context": {
    "filename": "M-PESA Statement Sept 15 2024 to Sept 15 2025.pdf"
  }
}
[2025-11-26 13:08:38] [INFO] [fundiq_debug] [2025-11-26 13:08:38] [INFO] [UPLOAD] File uploaded: M-PESA Statement Sept 15 2024 to Sept 15 2025.pdf | {
  "file_name": "M-PESA Statement Sept 15 2024 to Sept 15 2025.pdf",
  "file_type": "pdf",
  "file_size": 2414633,
  "document_id": "new"
}
[2025-11-26 13:08:38] [ERROR] [fundiq_debug] [2025-11-26 13:08:38] [ERROR] [PARSE] Error:  | {
  "error_type": "PDFPasswordIncorrect",
  "context": {
    "filename": "M-PESA Statement Sept 15 2024 to Sept 15 2025.pdf"
  }
}
[2025-11-26 13:08:39] [INFO] [fundiq_debug] [2025-11-26 13:08:39] [INFO] [UPLOAD] File uploaded: M-PESA Statement Sept 15 2024 to Sept 15 2025.pdf | {
  "file_name": "M-PESA Statement Sept 15 2024 to Sept 15 2025.pdf",
  "file_type": "pdf",
  "file_size": 2414633,
  "document_id": "new"
}
[2025-11-26 13:08:39] [ERROR] [fundiq_debug] [2025-11-26 13:08:39] [ERROR] [PARSE] Error:  | {
  "error_type": "PDFPasswordIncorrect",
  "context": {
    "filename": "M-PESA Statement Sept 15 2024 to Sept 15 2025.pdf"
  }
}
[2025-11-26 13:08:39] [INFO] [fundiq_debug] [2025-11-26 13:08:39] [INFO] [UPLOAD] File uploaded: M-PESA Statement Sept 15 2024 to Sept 15 2025.pdf | {
  "file_name": "M-PESA Statement Sept 15 2024 to Sept 15 2025.pdf",
  "file_type": "pdf",
  "file_size": 2414633,
  "document_id": "new"
}
[2025-11-26 13:08:39] [ERROR] [fundiq_debug] [2025-11-26 13:08:39] [ERROR] [PARSE] Error:  | {
  "error_type": "PDFPasswordIncorrect",
  "context": {
    "filename": "M-PESA Statement Sept 15 2024 to Sept 15 2025.pdf"
  }
}
[2025-11-26 13:09:54] [INFO] [fundiq_debug] [2025-11-26 13:09:54] [INFO] [UPLOAD] File uploaded: M-PESA Statement Sept 15 2024 to Sept 15 2025.pdf | {
  "file_name": "M-PESA Statement Sept 15 2024 to Sept 15 2025.pdf",
  "file_type": "pdf",
  "file_size": 2414633,
  "document_id": "new"
}
[2025-11-26 13:09:54] [ERROR] [fundiq_debug] [2025-11-26 13:09:54] [ERROR] [PARSE] Error:  | {
  "error_type": "PDFPasswordIncorrect",
  "context": {
    "filename": "M-PESA Statement Sept 15 2024 to Sept 15 2025.pdf"
  }
}
[2025-11-26 13:48:30] [INFO] [fundiq_debug] [2025-11-26 13:48:30] [INFO] [UPLOAD] File uploaded: M-PESA Statement Sept 15 2024 to Sept 15 2025.pdf | {
  "file_name": "M-PESA Statement Sept 15 2024 to Sept 15 2025.pdf",
  "file_type": "pdf",
  "file_size": 2414633,
  "document_id": "new"
}
[2025-11-26 13:49:11] [INFO] [fundiq_debug] [2025-11-26 13:49:11] [INFO] [UPLOAD] File uploaded: M-PESA Statement Sept 15 2024 to Sept 15 2025.pdf | {
  "file_name": "M-PESA Statement Sept 15 2024 to Sept 15 2025.pdf",
  "file_type": "pdf",
  "file_size": 2414633,
  "document_id": "new"
}
[2025-11-26 14:36:08] [INFO] [fundiq_debug] [2025-11-26 14:36:08] [INFO] [UPLOAD] File uploaded: Statement_All_Transactions_20250101_20250201.pdf | {
  "file_name": "Statement_All_Transactions_20250101_20250201.pdf",
  "file_type": "pdf",
  "file_size": 80158,
  "document_id": "new"
}
[2025-11-26 14:36:28] [INFO] [fundiq_debug] [2025-11-26 14:36:28] [INFO] [UPLOAD] File uploaded: M-PESA Statement Sept 15 2024 to Sept 15 2025.pdf | {
  "file_name": "M-PESA Statement Sept 15 2024 to Sept 15 2025.pdf",
  "file_type": "pdf",
  "file_size": 2414633,
  "document_id": "new"
}
[2025-11-26 14:36:48] [INFO] [fundiq_debug] [2025-11-26 14:36:48] [INFO] [UPLOAD] File uploaded: M-PESA Statement Sept 15 2024 to Sept 15 2025.pdf | {
  "file_name": "M-PESA Statement Sept 15 2024 to Sept 15 2025.pdf",
  "file_type": "pdf",
  "file_size": 2414633,
  "document_id": "new"
}
[2025-12-04 20:28:00] [INFO] [fundiq_debug] [2025-12-04 20:28:00] [INFO] [UPLOAD] File uploaded: M-PESA Statement Apr 23 2023 to Apr 23 2024.csv | {
  "file_name": "M-PESA Statement Apr 23 2023 to Apr 23 2024.csv",
  "file_type": "csv",
  "file_size": 1006014,
  "document_id": "new"
}
[2025-12-04 20:28:00] [ERROR] [fundiq_debug] [2025-12-04 20:28:00] [ERROR] [PARSE] Error: Failed to parse file: Failed to parse CSV with any supported encoding | {
  "error_type": "ValueError",
  "context": {
    "filename": "M-PESA Statement Apr 23 2023 to Apr 23 2024.csv"
  }
}
[2025-12-04 20:28:04] [INFO] [fundiq_debug] [2025-12-04 20:28:04] [INFO] [UPLOAD] File uploaded: M-PESA Statement Apr 23 2023 to Apr 23 2024.csv | {
  "file_name": "M-PESA Statement Apr 23 2023 to Apr 23 2024.csv",
  "file_type": "csv",
  "file_size": 1006014,
  "document_id": "new"
}
[2025-12-04 20:28:04] [ERROR] [fundiq_debug] [2025-12-04 20:28:04] [ERROR] [PARSE] Error: Failed to parse file: Failed to parse CSV with any supported encoding | {
  "error_type": "ValueError",
  "context": {
    "filename": "M-PESA Statement Apr 23 2023 to Apr 23 2024.csv"
  }
}
[2025-12-04 20:28:20] [INFO] [fundiq_debug] [2025-12-04 20:28:20] [INFO] [UPLOAD] File uploaded: Statement_All_Transactions_20250101_20250201.pdf | {
  "file_name": "Statement_All_Transactions_20250101_20250201.pdf",
  "file_type": "pdf",
  "file_size": 80158,
  "document_id": "new"
}
[2025-12-04 22:20:14] [INFO] [fundiq_debug] [2025-12-04 22:20:14] [INFO] [UPLOAD] File uploaded: test.csv | {
  "file_name": "test.csv",
  "file_type": "csv",
  "file_size": 68,
  "document_id": "new"
}
[2025-12-04 22:20:14] [INFO] [fundiq_debug] [2025-12-04 22:20:14] [INFO] [UPLOAD] File uploaded: test.xlsx | {
  "file_name": "test.xlsx",
  "file_type": "xlsx",
  "file_size": 4979,
  "document_id": "new"
}
[2025-12-04 22:20:14] [INFO] [fundiq_debug] [2025-12-04 22:20:14] [INFO] [UPLOAD] File uploaded: test.txt | {
  "file_name": "test.txt",
  "file_type": "txt",
  "file_size": 9,
  "document_id": "new"
}
[2025-12-04 22:20:14] [ERROR] [fundiq_debug] [2025-12-04 22:20:14] [ERROR] [PARSE] Error: 400: Unsupported file type: txt | {
  "error_type": "HTTPException",
  "context": {
    "filename": "test.txt"
  }
}
[2025-12-04 22:27:20] [INFO] [fundiq_debug] [2025-12-04 22:27:20] [INFO] [UPLOAD] File uploaded: test.csv | {
  "file_name": "test.csv",
  "file_type": "csv",
  "file_size": 68,
  "document_id": "new"
}
[2025-12-04 22:27:20] [INFO] [fundiq_debug] [2025-12-04 22:27:20] [INFO] [UPLOAD] File uploaded: test.xlsx | {
  "file_name": "test.xlsx",
  "file_type": "xlsx",
  "file_size": 4979,
  "document_id": "new"
}
[2025-12-04 22:27:20] [INFO] [fundiq_debug] [2025-12-04 22:27:20] [INFO] [UPLOAD] File uploaded: test.txt | {
  "file_name": "test.txt",
  "file_type": "txt",
  "file_size": 9,
  "document_id": "new"
}
[2025-12-04 22:27:20] [ERROR] [fundiq_debug] [2025-12-04 22:27:20] [ERROR] [PARSE] Error: 400: Unsupported file type: txt | {
  "error_type": "HTTPException",
  "context": {
    "filename": "test.txt"
  }
}
[2025-12-08 17:12:59] [INFO] [fundiq_debug] [2025-12-08 17:12:59] [INFO] [UPLOAD] File uploaded: MPESA_Statement_2025-11-12_to_2025-05-12_2547xxxxxx122.pdf | {
  "file_name": "MPESA_Statement_2025-11-12_to_2025-05-12_2547xxxxxx122.pdf",
  "file_type": "pdf",
  "file_size": 1539726,
  "document_id": "new"
}
[2025-12-08 17:13:11] [INFO] [fundiq_debug] [2025-12-08 17:13:11] [INFO] [UPLOAD] File uploaded: MPESA_Statement_2025-11-12_to_2025-05-12_2547xxxxxx122.pdf | {
  "file_name": "MPESA_Statement_2025-11-12_to_2025-05-12_2547xxxxxx122.pdf",
  "file_type": "pdf",
  "file_size": 1539726,
  "document_id": "new"
}
[2025-12-08 17:13:42] [INFO] [fundiq_debug] [2025-12-08 17:13:42] [INFO] [UPLOAD] File uploaded: MPESA_Statement_2025-11-12_to_2025-05-12_2547xxxxxx122.pdf | {
  "file_name": "MPESA_Statement_2025-11-12_to_2025-05-12_2547xxxxxx122.pdf",
  "file_type": "pdf",
  "file_size": 1539726,
  "document_id": "new"
}
[2025-12-08 17:13:49] [INFO] [fundiq_debug] [2025-12-08 17:13:49] [INFO] [UPLOAD] File uploaded: MPESA_Statement_2025-11-12_to_2025-05-12_2547xxxxxx122.pdf | {
  "file_name": "MPESA_Statement_2025-11-12_to_2025-05-12_2547xxxxxx122.pdf",
  "file_type": "pdf",
  "file_size": 1539726,
  "document_id": "new"
}
